<?xml version="1.0" encoding="UTF-8"?>
<!-- Generated by org.testng.reporters.JUnitReportReporter -->
<testsuite hostname="DESKTOP-B5L4A4H" failures="0" tests="2" name="selenium_Prog_Practice.TestNg_Annotations" time="5.033" errors="0" timestamp="2023-03-09T14:30:47 IST" skipped="0">
  <testcase classname="selenium_Prog_Practice.TestNg_Annotations" name="TC2" time="0.021"/>
  <system-out>
    <![CDATA[Execute TC2]]>
  </system-out>
  <testcase classname="selenium_Prog_Practice.TestNg_Annotations" name="TC1" time="5.012"/>
  <system-out>
    <![CDATA[Execute TC1]]>
  </system-out>
</testsuite> <!-- selenium_Prog_Practice.TestNg_Annotations -->
