<?xml version="1.0" encoding="UTF-8"?>
<!-- Generated by org.testng.reporters.JUnitReportReporter -->
<testsuite hostname="DESKTOP-B5L4A4H" failures="0" tests="2" name="testngProg.testsuite" time="0.023" errors="0" timestamp="2023-03-03T13:17:37 IST" skipped="0">
  <testcase classname="testngProg.testsuite" name="TC1" time="0.019"/>
  <system-out>
    <![CDATA[Execution of TC1]]>
  </system-out>
  <testcase classname="testngProg.testsuite" name="TC2" time="0.004"/>
  <system-out>
    <![CDATA[Execution of TC2]]>
  </system-out>
</testsuite> <!-- testngProg.testsuite -->
