<?xml version="1.0" encoding="UTF-8"?>
<!-- Generated by org.testng.reporters.JUnitReportReporter -->
<testsuite hostname="DESKTOP-B5L4A4H" failures="0" tests="1" name="selenium_Prog_Practice.Parallel1" time="10.813" errors="0" timestamp="2023-03-09T15:00:50 IST" skipped="0">
  <testcase classname="selenium_Prog_Practice.Parallel1" name="TC1" time="10.813"/>
  <system-out/>
</testsuite> <!-- selenium_Prog_Practice.Parallel1 -->
