<?xml version="1.0" encoding="UTF-8"?>
<!-- Generated by org.testng.reporters.JUnitReportReporter -->
<testsuite hostname="DESKTOP-B5L4A4H" failures="0" tests="2" name="testngProg.testngProg" time="0.007" errors="0" timestamp="2023-03-03T13:17:37 IST" skipped="0">
  <testcase classname="testngProg.testngProg" name="TC3" time="0.003"/>
  <system-out>
    <![CDATA[Execution of TC3]]>
  </system-out>
  <testcase classname="testngProg.testngProg" name="TC4" time="0.004"/>
  <system-out>
    <![CDATA[Execution of TC4]]>
  </system-out>
</testsuite> <!-- testngProg.testngProg -->
